#
# There is insufficient memory for the Java Runtime Environment to continue.
# Native memory allocation (malloc) failed to allocate 1314736 bytes for Chunk::new
# Possible reasons:
#   The system is out of physical RAM or swap space
#   The process is running with CompressedOops enabled, and the Java Heap may be blocking the growth of the native heap
# Possible solutions:
#   Reduce memory load on the system
#   Increase physical memory or swap space
#   Check if swap backing store is full
#   Decrease Java heap size (-Xmx/-Xms)
#   Decrease number of Java threads
#   Decrease Java thread stack sizes (-Xss)
#   Set larger code cache with -XX:ReservedCodeCacheSize=
#   JVM is running with Unscaled Compressed Oops mode in which the Java heap is
#     placed in the first 4GB address space. The Java Heap base address is the
#     maximum limit for the native heap growth. Please use -XX:HeapBaseMinAddress
#     to set the Java Heap base and to place the Java Heap above 4GB virtual address.
# This output file may be truncated or incomplete.
#
#  Out of Memory Error (./src/hotspot/share/memory/arena.cpp:197), pid=976, tid=11148
#
# JRE version: OpenJDK Runtime Environment Temurin-11.0.12+7 (11.0.12+7) (build 11.0.12+7)
# Java VM: OpenJDK 64-Bit Server VM Temurin-11.0.12+7 (11.0.12+7, mixed mode, tiered, compressed oops, g1 gc, windows-amd64)
# No core dump will be written. Minidumps are not enabled by default on client versions of Windows
#

---------------  S U M M A R Y ------------

Command Line: ./artifacts/app-order.jar

Host: AMD Ryzen 5 3500U with Radeon Vega Mobile Gfx  , 8 cores, 6G,  Windows 10 , 64 bit Build 19041 (10.0.19041.1151)
Time: Wed Aug 18 21:00:12 2021 RTZ 2 (зима) elapsed time: 14133.455262 seconds (0d 3h 55m 33s)

---------------  T H R E A D  ---------------

Current thread (0x000001ba0296e000):  JavaThread "C2 CompilerThread0" daemon [_thread_in_native, id=11148, stack(0x000000932fc00000,0x000000932fd00000)]


Current CompileTask:
C2:14133455 2782   !   4       kotlinx.coroutines.JobSupport::invokeOnCompletion (515 bytes)

Stack: [0x000000932fc00000,0x000000932fd00000]
Native frames: (J=compiled Java code, j=interpreted, Vv=VM code, C=native code)
V  [jvm.dll+0x601d0a]
V  [jvm.dll+0x78ab6e]
V  [jvm.dll+0x78c23f]
V  [jvm.dll+0x78c903]
V  [jvm.dll+0x24be68]
V  [jvm.dll+0xc219c]
V  [jvm.dll+0xc275c]
V  [jvm.dll+0x354812]
V  [jvm.dll+0x19db09]
V  [jvm.dll+0x205622]
V  [jvm.dll+0x2046fd]
V  [jvm.dll+0x1898fc]
V  [jvm.dll+0x213d67]
V  [jvm.dll+0x211f2b]
V  [jvm.dll+0x74ec19]
V  [jvm.dll+0x747c84]
V  [jvm.dll+0x600ba6]
C  [ucrtbase.dll+0x21bb2]
C  [KERNEL32.DLL+0x17034]
C  [ntdll.dll+0x52651]


---------------  P R O C E S S  ---------------

Threads class SMR info:
_java_thread_list=0x000001ba03ac22b0, length=35, elements={
0x000001ba63a16000, 0x000001ba0294a000, 0x000001ba02952800, 0x000001ba02967000,
0x000001ba02968000, 0x000001ba02969000, 0x000001ba0296e000, 0x000001ba032cb800,
0x000001ba032f4800, 0x000001ba0345e800, 0x000001ba04e0f000, 0x000001ba04e12800,
0x000001ba03c1b800, 0x000001ba03c1c800, 0x000001ba04e0c800, 0x000001ba04e09800,
0x000001ba04e0b000, 0x000001ba04e10000, 0x000001ba04e14000, 0x000001ba04e11800,
0x000001ba03c17800, 0x000001ba03c19000, 0x000001ba03c18800, 0x000001ba04e07800,
0x000001ba04e0a000, 0x000001ba04e0c000, 0x000001ba04e0e000, 0x000001ba04e10800,
0x000001ba04e13000, 0x000001ba04e15000, 0x000001ba04e0d800, 0x000001ba04e15800,
0x000001ba04e08800, 0x000001ba04e16800, 0x000001ba03c1a000
}

Java Threads: ( => current thread )
  0x000001ba63a16000 JavaThread "main" [_thread_blocked, id=23196, stack(0x000000932f000000,0x000000932f100000)]
  0x000001ba0294a000 JavaThread "Reference Handler" daemon [_thread_blocked, id=1468, stack(0x000000932f700000,0x000000932f800000)]
  0x000001ba02952800 JavaThread "Finalizer" daemon [_thread_blocked, id=13400, stack(0x000000932f800000,0x000000932f900000)]
  0x000001ba02967000 JavaThread "Signal Dispatcher" daemon [_thread_blocked, id=24092, stack(0x000000932f900000,0x000000932fa00000)]
  0x000001ba02968000 JavaThread "Attach Listener" daemon [_thread_blocked, id=18572, stack(0x000000932fa00000,0x000000932fb00000)]
  0x000001ba02969000 JavaThread "Service Thread" daemon [_thread_blocked, id=18224, stack(0x000000932fb00000,0x000000932fc00000)]
=>0x000001ba0296e000 JavaThread "C2 CompilerThread0" daemon [_thread_in_native, id=11148, stack(0x000000932fc00000,0x000000932fd00000)]
  0x000001ba032cb800 JavaThread "C1 CompilerThread0" daemon [_thread_blocked, id=8796, stack(0x000000932fd00000,0x000000932fe00000)]
  0x000001ba032f4800 JavaThread "Sweeper thread" daemon [_thread_blocked, id=6420, stack(0x000000932fe00000,0x000000932ff00000)]
  0x000001ba0345e800 JavaThread "Common-Cleaner" daemon [_thread_blocked, id=11236, stack(0x0000009330000000,0x0000009330100000)]
  0x000001ba04e0f000 JavaThread "DefaultDispatcher-worker-4" daemon [_thread_blocked, id=20192, stack(0x000000932ee00000,0x000000932ef00000)]
  0x000001ba04e12800 JavaThread "DefaultDispatcher-worker-3" daemon [_thread_blocked, id=16608, stack(0x0000009330d00000,0x0000009330e00000)]
  0x000001ba03c1b800 JavaThread "DefaultDispatcher-worker-2" daemon [_thread_blocked, id=14212, stack(0x0000009331300000,0x0000009331400000)]
  0x000001ba03c1c800 JavaThread "DefaultDispatcher-worker-6" daemon [_thread_blocked, id=18688, stack(0x0000009330100000,0x0000009330200000)]
  0x000001ba04e0c800 JavaThread "DefaultDispatcher-worker-7" daemon [_thread_blocked, id=20124, stack(0x0000009331500000,0x0000009331600000)]
  0x000001ba04e09800 JavaThread "DefaultDispatcher-worker-9" daemon [_thread_blocked, id=13688, stack(0x000000932ef00000,0x000000932f000000)]
  0x000001ba04e0b000 JavaThread "DefaultDispatcher-worker-3" daemon [_thread_blocked, id=13432, stack(0x0000009331000000,0x0000009331100000)]
  0x000001ba04e10000 JavaThread "DefaultDispatcher-worker-6" daemon [_thread_blocked, id=18988, stack(0x0000009331100000,0x0000009331200000)]
  0x000001ba04e14000 JavaThread "DefaultDispatcher-worker-5" daemon [_thread_blocked, id=23392, stack(0x0000009330900000,0x0000009330a00000)]
  0x000001ba04e11800 JavaThread "DefaultDispatcher-worker-1" daemon [_thread_blocked, id=8440, stack(0x0000009331700000,0x0000009331800000)]
  0x000001ba03c17800 JavaThread "DefaultDispatcher-worker-8" daemon [_thread_blocked, id=4664, stack(0x000000932ed00000,0x000000932ee00000)]
  0x000001ba03c19000 JavaThread "DefaultDispatcher-worker-7" daemon [_thread_blocked, id=9516, stack(0x0000009330300000,0x0000009330400000)]
  0x000001ba03c18800 JavaThread "DefaultDispatcher-worker-1" daemon [_thread_blocked, id=7292, stack(0x0000009330200000,0x0000009330300000)]
  0x000001ba04e07800 JavaThread "DefaultDispatcher-worker-4" daemon [_thread_blocked, id=2736, stack(0x0000009330800000,0x0000009330900000)]
  0x000001ba04e0a000 JavaThread "DefaultDispatcher-worker-2" daemon [_thread_blocked, id=16416, stack(0x0000009331400000,0x0000009331500000)]
  0x000001ba04e0c000 JavaThread "DefaultDispatcher-worker-8" daemon [_thread_blocked, id=21760, stack(0x0000009330700000,0x0000009330800000)]
  0x000001ba04e0e000 JavaThread "DefaultDispatcher-worker-5" daemon [_thread_blocked, id=17620, stack(0x0000009331200000,0x0000009331300000)]
  0x000001ba04e10800 JavaThread "DefaultDispatcher-worker-10" daemon [_thread_blocked, id=16252, stack(0x0000009330500000,0x0000009330600000)]
  0x000001ba04e13000 JavaThread "DefaultDispatcher-worker-9" daemon [_thread_blocked, id=6232, stack(0x0000009330f00000,0x0000009331000000)]
  0x000001ba04e15000 JavaThread "DefaultDispatcher-worker-11" daemon [_thread_blocked, id=18796, stack(0x0000009331800000,0x0000009331900000)]
  0x000001ba04e0d800 JavaThread "DefaultDispatcher-worker-11" daemon [_thread_blocked, id=1240, stack(0x0000009330600000,0x0000009330700000)]
  0x000001ba04e15800 JavaThread "DefaultDispatcher-worker-10" daemon [_thread_in_native, id=3500, stack(0x0000009330e00000,0x0000009330f00000)]
  0x000001ba04e08800 JavaThread "DefaultDispatcher-worker-12" daemon [_thread_blocked, id=21028, stack(0x0000009330a00000,0x0000009330b00000)]
  0x000001ba04e16800 JavaThread "DefaultDispatcher-worker-13" daemon [_thread_blocked, id=15448, stack(0x0000009330c00000,0x0000009330d00000)]
  0x000001ba03c1a000 JavaThread "DefaultDispatcher-worker-14" daemon [_thread_blocked, id=9064, stack(0x0000009331600000,0x0000009331700000)]

Other Threads:
  0x000001ba02927800 VMThread "VM Thread" [stack: 0x000000932f600000,0x000000932f700000] [id=11528]
  0x000001ba0345a000 WatcherThread [stack: 0x000000932ff00000,0x0000009330000000] [id=8036]
  0x000001ba63a2e800 GCTaskThread "GC Thread#0" [stack: 0x000000932f100000,0x000000932f200000] [id=7724]
  0x000001ba039d3000 GCTaskThread "GC Thread#1" [stack: 0x0000009330400000,0x0000009330500000] [id=14396]
  0x000001ba63a5c800 ConcurrentGCThread "G1 Main Marker" [stack: 0x000000932f200000,0x000000932f300000] [id=22928]
  0x000001ba63a5f000 ConcurrentGCThread "G1 Conc#0" [stack: 0x000000932f300000,0x000000932f400000] [id=21256]
  0x000001ba033a0000 ConcurrentGCThread "G1 Conc#1" [stack: 0x0000009330b00000,0x0000009330c00000] [id=11368]
  0x000001ba0278a800 ConcurrentGCThread "G1 Refine#0" [stack: 0x000000932f400000,0x000000932f500000] [id=21968]
  0x000001ba0278b000 ConcurrentGCThread "G1 Young RemSet Sampling" [stack: 0x000000932f500000,0x000000932f600000] [id=15624]

Threads with active compile tasks:
C2 CompilerThread014133494 2782   !   4       kotlinx.coroutines.JobSupport::invokeOnCompletion (515 bytes)

VM state:not at safepoint (normal execution)

VM Mutex/Monitor currently owned by a thread: None

Heap address: 0x0000000091000000, size: 1776 MB, Compressed Oops mode: 32-bit
Narrow klass base: 0x0000000000000000, Narrow klass shift: 3
Compressed class space size: 1073741824 Address: 0x0000000100000000

Heap:
 garbage-first heap   total 114688K, used 46405K [0x0000000091000000, 0x0000000100000000)
  region size 1024K, 47 young (48128K), 6 survivors (6144K)
 Metaspace       used 23817K, capacity 24087K, committed 24320K, reserved 1071104K
  class space    used 2409K, capacity 2488K, committed 2560K, reserved 1048576K
Heap Regions: E=young(eden), S=young(survivor), O=old, HS=humongous(starts), HC=humongous(continues), CS=collection set, F=free, A=archive, TAMS=top-at-mark-start (previous, next)
|   0|0x0000000091000000, 0x0000000091000000, 0x0000000091100000|  0%| F|  |TAMS 0x0000000091000000, 0x0000000091000000| Untracked 
|   1|0x0000000091100000, 0x0000000091200000, 0x0000000091200000|100%|HS|  |TAMS 0x0000000091200000, 0x0000000091100000| Complete 
|   2|0x0000000091200000, 0x0000000091200000, 0x0000000091300000|  0%| F|  |TAMS 0x0000000091200000, 0x0000000091200000| Untracked 
|   3|0x0000000091300000, 0x0000000091300000, 0x0000000091400000|  0%| F|  |TAMS 0x0000000091300000, 0x0000000091300000| Untracked 
|   4|0x0000000091400000, 0x0000000091400000, 0x0000000091500000|  0%| F|  |TAMS 0x0000000091400000, 0x0000000091400000| Untracked 
|   5|0x0000000091500000, 0x0000000091500000, 0x0000000091600000|  0%| F|  |TAMS 0x0000000091500000, 0x0000000091500000| Untracked 
|   6|0x0000000091600000, 0x0000000091600000, 0x0000000091700000|  0%| F|  |TAMS 0x0000000091600000, 0x0000000091600000| Untracked 
|   7|0x0000000091700000, 0x0000000091700000, 0x0000000091800000|  0%| F|  |TAMS 0x0000000091700000, 0x0000000091700000| Untracked 
|   8|0x0000000091800000, 0x0000000091800000, 0x0000000091900000|  0%| F|  |TAMS 0x0000000091800000, 0x0000000091800000| Untracked 
|   9|0x0000000091900000, 0x0000000091900000, 0x0000000091a00000|  0%| F|  |TAMS 0x0000000091900000, 0x0000000091900000| Untracked 
|  10|0x0000000091a00000, 0x0000000091a00000, 0x0000000091b00000|  0%| F|  |TAMS 0x0000000091a00000, 0x0000000091a00000| Untracked 
|  11|0x0000000091b00000, 0x0000000091b00000, 0x0000000091c00000|  0%| F|  |TAMS 0x0000000091b00000, 0x0000000091b00000| Untracked 
|  12|0x0000000091c00000, 0x0000000091c00000, 0x0000000091d00000|  0%| F|  |TAMS 0x0000000091c00000, 0x0000000091c00000| Untracked 
|  13|0x0000000091d00000, 0x0000000091d00000, 0x0000000091e00000|  0%| F|  |TAMS 0x0000000091d00000, 0x0000000091d00000| Untracked 
|  14|0x0000000091e00000, 0x0000000091e00000, 0x0000000091f00000|  0%| F|  |TAMS 0x0000000091e00000, 0x0000000091e00000| Untracked 
|  15|0x0000000091f00000, 0x0000000091f00000, 0x0000000092000000|  0%| F|  |TAMS 0x0000000091f00000, 0x0000000091f00000| Untracked 
|  16|0x0000000092000000, 0x0000000092000000, 0x0000000092100000|  0%| F|  |TAMS 0x0000000092000000, 0x0000000092000000| Untracked 
|  17|0x0000000092100000, 0x0000000092100000, 0x0000000092200000|  0%| F|  |TAMS 0x0000000092100000, 0x0000000092100000| Untracked 
|  18|0x0000000092200000, 0x0000000092200000, 0x0000000092300000|  0%| F|  |TAMS 0x0000000092200000, 0x0000000092200000| Untracked 
|  19|0x0000000092300000, 0x0000000092300000, 0x0000000092400000|  0%| F|  |TAMS 0x0000000092300000, 0x0000000092300000| Untracked 
|  20|0x0000000092400000, 0x0000000092400000, 0x0000000092500000|  0%| F|  |TAMS 0x0000000092400000, 0x0000000092400000| Untracked 
|  21|0x0000000092500000, 0x0000000092500000, 0x0000000092600000|  0%| F|  |TAMS 0x0000000092500000, 0x0000000092500000| Untracked 
|  22|0x0000000092600000, 0x0000000092600000, 0x0000000092700000|  0%| F|  |TAMS 0x0000000092600000, 0x0000000092600000| Untracked 
|  23|0x0000000092700000, 0x0000000092700000, 0x0000000092800000|  0%| F|  |TAMS 0x0000000092700000, 0x0000000092700000| Untracked 
|  24|0x0000000092800000, 0x0000000092800000, 0x0000000092900000|  0%| F|  |TAMS 0x0000000092800000, 0x0000000092800000| Untracked 
|  25|0x0000000092900000, 0x0000000092900000, 0x0000000092a00000|  0%| F|  |TAMS 0x0000000092900000, 0x0000000092900000| Untracked 
|  26|0x0000000092a00000, 0x0000000092a00000, 0x0000000092b00000|  0%| F|  |TAMS 0x0000000092a00000, 0x0000000092a00000| Untracked 
|  27|0x0000000092b00000, 0x0000000092b00000, 0x0000000092c00000|  0%| F|  |TAMS 0x0000000092b00000, 0x0000000092b00000| Untracked 
|  28|0x0000000092c00000, 0x0000000092c00000, 0x0000000092d00000|  0%| F|  |TAMS 0x0000000092c00000, 0x0000000092c00000| Untracked 
|  29|0x0000000092d00000, 0x0000000092d00000, 0x0000000092e00000|  0%| F|  |TAMS 0x0000000092d00000, 0x0000000092d00000| Untracked 
|  30|0x0000000092e00000, 0x0000000092e00000, 0x0000000092f00000|  0%| F|  |TAMS 0x0000000092e00000, 0x0000000092e00000| Untracked 
|  31|0x0000000092f00000, 0x0000000092f00000, 0x0000000093000000|  0%| F|  |TAMS 0x0000000092f00000, 0x0000000092f00000| Untracked 
|  32|0x0000000093000000, 0x0000000093000000, 0x0000000093100000|  0%| F|  |TAMS 0x0000000093000000, 0x0000000093000000| Untracked 
|  33|0x0000000093100000, 0x0000000093100000, 0x0000000093200000|  0%| F|  |TAMS 0x0000000093100000, 0x0000000093100000| Untracked 
|  34|0x0000000093200000, 0x0000000093200000, 0x0000000093300000|  0%| F|  |TAMS 0x0000000093200000, 0x0000000093200000| Untracked 
|  35|0x0000000093300000, 0x0000000093300000, 0x0000000093400000|  0%| F|  |TAMS 0x0000000093300000, 0x0000000093300000| Untracked 
|  36|0x0000000093400000, 0x0000000093400000, 0x0000000093500000|  0%| F|  |TAMS 0x0000000093400000, 0x0000000093400000| Untracked 
|  37|0x0000000093500000, 0x0000000093500000, 0x0000000093600000|  0%| F|  |TAMS 0x0000000093500000, 0x0000000093500000| Untracked 
|  38|0x0000000093600000, 0x0000000093600000, 0x0000000093700000|  0%| F|  |TAMS 0x0000000093600000, 0x0000000093600000| Untracked 
|  39|0x0000000093700000, 0x0000000093700000, 0x0000000093800000|  0%| F|  |TAMS 0x0000000093700000, 0x0000000093700000| Untracked 
|  40|0x0000000093800000, 0x0000000093800000, 0x0000000093900000|  0%| F|  |TAMS 0x0000000093800000, 0x0000000093800000| Untracked 
|  41|0x0000000093900000, 0x0000000093900000, 0x0000000093a00000|  0%| F|  |TAMS 0x0000000093900000, 0x0000000093900000| Untracked 
|  42|0x0000000093a00000, 0x0000000093a00000, 0x0000000093b00000|  0%| F|  |TAMS 0x0000000093a00000, 0x0000000093a00000| Untracked 
|  43|0x0000000093b00000, 0x0000000093b00000, 0x0000000093c00000|  0%| F|  |TAMS 0x0000000093b00000, 0x0000000093b00000| Untracked 
|  44|0x0000000093c00000, 0x0000000093c00000, 0x0000000093d00000|  0%| F|  |TAMS 0x0000000093c00000, 0x0000000093c00000| Untracked 
|  45|0x0000000093d00000, 0x0000000093d00000, 0x0000000093e00000|  0%| F|  |TAMS 0x0000000093d00000, 0x0000000093d00000| Untracked 
|  46|0x0000000093e00000, 0x0000000093e00000, 0x0000000093f00000|  0%| F|  |TAMS 0x0000000093e00000, 0x0000000093e00000| Untracked 
|  47|0x0000000093f00000, 0x0000000093f00000, 0x0000000094000000|  0%| F|  |TAMS 0x0000000093f00000, 0x0000000093f00000| Untracked 
|  48|0x0000000094000000, 0x0000000094000000, 0x0000000094100000|  0%| F|  |TAMS 0x0000000094000000, 0x0000000094000000| Untracked 
|  49|0x0000000094100000, 0x0000000094151460, 0x0000000094200000| 31%| S|CS|TAMS 0x0000000094100000, 0x0000000094100000| Complete 
|  50|0x0000000094200000, 0x0000000094300000, 0x0000000094300000|100%| S|CS|TAMS 0x0000000094200000, 0x0000000094200000| Complete 
|  51|0x0000000094300000, 0x0000000094400000, 0x0000000094400000|100%| S|CS|TAMS 0x0000000094300000, 0x0000000094300000| Complete 
|  52|0x0000000094400000, 0x0000000094500000, 0x0000000094500000|100%| S|CS|TAMS 0x0000000094400000, 0x0000000094400000| Complete 
|  53|0x0000000094500000, 0x0000000094600000, 0x0000000094600000|100%| S|CS|TAMS 0x0000000094500000, 0x0000000094500000| Complete 
|  54|0x0000000094600000, 0x0000000094700000, 0x0000000094700000|100%| S|CS|TAMS 0x0000000094600000, 0x0000000094600000| Complete 
|  55|0x0000000094700000, 0x0000000094700000, 0x0000000094800000|  0%| F|  |TAMS 0x0000000094700000, 0x0000000094700000| Untracked 
|  56|0x0000000094800000, 0x0000000094800000, 0x0000000094900000|  0%| F|  |TAMS 0x0000000094800000, 0x0000000094800000| Untracked 
|  57|0x0000000094900000, 0x0000000094900000, 0x0000000094a00000|  0%| F|  |TAMS 0x0000000094900000, 0x0000000094900000| Untracked 
|  58|0x0000000094a00000, 0x0000000094a00000, 0x0000000094b00000|  0%| F|  |TAMS 0x0000000094a00000, 0x0000000094a00000| Untracked 
|  59|0x0000000094b00000, 0x0000000094b00000, 0x0000000094c00000|  0%| F|  |TAMS 0x0000000094b00000, 0x0000000094b00000| Untracked 
|  60|0x0000000094c00000, 0x0000000094c00000, 0x0000000094d00000|  0%| F|  |TAMS 0x0000000094c00000, 0x0000000094c00000| Untracked 
|  61|0x0000000094d00000, 0x0000000094d00000, 0x0000000094e00000|  0%| F|  |TAMS 0x0000000094d00000, 0x0000000094d00000| Untracked 
|  62|0x0000000094e00000, 0x0000000094e00000, 0x0000000094f00000|  0%| F|  |TAMS 0x0000000094e00000, 0x0000000094e00000| Untracked 
|  63|0x0000000094f00000, 0x0000000094f00000, 0x0000000095000000|  0%| F|  |TAMS 0x0000000094f00000, 0x0000000094f00000| Untracked 
|  64|0x0000000095000000, 0x0000000095000000, 0x0000000095100000|  0%| F|  |TAMS 0x0000000095000000, 0x0000000095000000| Untracked 
|  65|0x0000000095100000, 0x0000000095100000, 0x0000000095200000|  0%| F|  |TAMS 0x0000000095100000, 0x0000000095100000| Untracked 
|  66|0x0000000095200000, 0x0000000095200000, 0x0000000095300000|  0%| F|  |TAMS 0x0000000095200000, 0x0000000095200000| Untracked 
|  67|0x0000000095300000, 0x0000000095300000, 0x0000000095400000|  0%| F|  |TAMS 0x0000000095300000, 0x0000000095300000| Untracked 
|  68|0x0000000095400000, 0x0000000095400000, 0x0000000095500000|  0%| F|  |TAMS 0x0000000095400000, 0x0000000095400000| Untracked 
|  69|0x0000000095500000, 0x0000000095500000, 0x0000000095600000|  0%| F|  |TAMS 0x0000000095500000, 0x0000000095500000| Untracked 
|  70|0x0000000095600000, 0x0000000095600000, 0x0000000095700000|  0%| F|  |TAMS 0x0000000095600000, 0x0000000095600000| Untracked 
|  71|0x0000000095700000, 0x00000000957ce9b8, 0x0000000095800000| 80%| E|  |TAMS 0x0000000095700000, 0x0000000095700000| Complete 
|  72|0x0000000095800000, 0x0000000095900000, 0x0000000095900000|100%| E|CS|TAMS 0x0000000095800000, 0x0000000095800000| Complete 
|  73|0x0000000095900000, 0x0000000095a00000, 0x0000000095a00000|100%| E|CS|TAMS 0x0000000095900000, 0x0000000095900000| Complete 
|  74|0x0000000095a00000, 0x0000000095b00000, 0x0000000095b00000|100%| E|CS|TAMS 0x0000000095a00000, 0x0000000095a00000| Complete 
|  75|0x0000000095b00000, 0x0000000095c00000, 0x0000000095c00000|100%| E|CS|TAMS 0x0000000095b00000, 0x0000000095b00000| Complete 
|  76|0x0000000095c00000, 0x0000000095d00000, 0x0000000095d00000|100%| E|CS|TAMS 0x0000000095c00000, 0x0000000095c00000| Complete 
|  77|0x0000000095d00000, 0x0000000095e00000, 0x0000000095e00000|100%| E|CS|TAMS 0x0000000095d00000, 0x0000000095d00000| Complete 
|  78|0x0000000095e00000, 0x0000000095f00000, 0x0000000095f00000|100%| E|CS|TAMS 0x0000000095e00000, 0x0000000095e00000| Complete 
|  79|0x0000000095f00000, 0x0000000096000000, 0x0000000096000000|100%| E|  |TAMS 0x0000000095f00000, 0x0000000095f00000| Complete 
|  80|0x0000000096000000, 0x0000000096100000, 0x0000000096100000|100%| E|CS|TAMS 0x0000000096000000, 0x0000000096000000| Complete 
|  81|0x0000000096100000, 0x0000000096200000, 0x0000000096200000|100%| E|CS|TAMS 0x0000000096100000, 0x0000000096100000| Complete 
|  82|0x0000000096200000, 0x0000000096300000, 0x0000000096300000|100%| E|CS|TAMS 0x0000000096200000, 0x0000000096200000| Complete 
|  83|0x0000000096300000, 0x0000000096400000, 0x0000000096400000|100%| E|CS|TAMS 0x0000000096300000, 0x0000000096300000| Complete 
|  84|0x0000000096400000, 0x0000000096500000, 0x0000000096500000|100%| E|CS|TAMS 0x0000000096400000, 0x0000000096400000| Complete 
|  85|0x0000000096500000, 0x0000000096600000, 0x0000000096600000|100%| E|CS|TAMS 0x0000000096500000, 0x0000000096500000| Complete 
|  86|0x0000000096600000, 0x0000000096700000, 0x0000000096700000|100%| E|CS|TAMS 0x0000000096600000, 0x0000000096600000| Complete 
|  87|0x0000000096700000, 0x0000000096800000, 0x0000000096800000|100%| E|CS|TAMS 0x0000000096700000, 0x0000000096700000| Complete 
|  88|0x0000000096800000, 0x0000000096900000, 0x0000000096900000|100%| E|CS|TAMS 0x0000000096800000, 0x0000000096800000| Complete 
|  89|0x0000000096900000, 0x0000000096a00000, 0x0000000096a00000|100%| E|CS|TAMS 0x0000000096900000, 0x0000000096900000| Complete 
|  90|0x0000000096a00000, 0x0000000096b00000, 0x0000000096b00000|100%| E|CS|TAMS 0x0000000096a00000, 0x0000000096a00000| Complete 
|  91|0x0000000096b00000, 0x0000000096c00000, 0x0000000096c00000|100%| E|CS|TAMS 0x0000000096b00000, 0x0000000096b00000| Complete 
|  92|0x0000000096c00000, 0x0000000096d00000, 0x0000000096d00000|100%| E|CS|TAMS 0x0000000096c00000, 0x0000000096c00000| Complete 
|  93|0x0000000096d00000, 0x0000000096e00000, 0x0000000096e00000|100%| E|CS|TAMS 0x0000000096d00000, 0x0000000096d00000| Complete 
|  94|0x0000000096e00000, 0x0000000096f00000, 0x0000000096f00000|100%| E|CS|TAMS 0x0000000096e00000, 0x0000000096e00000| Complete 
|  95|0x0000000096f00000, 0x0000000097000000, 0x0000000097000000|100%| E|CS|TAMS 0x0000000096f00000, 0x0000000096f00000| Complete 
|  96|0x0000000097000000, 0x0000000097100000, 0x0000000097100000|100%| E|CS|TAMS 0x0000000097000000, 0x0000000097000000| Complete 
|  97|0x0000000097100000, 0x0000000097200000, 0x0000000097200000|100%| E|CS|TAMS 0x0000000097100000, 0x0000000097100000| Complete 
|  98|0x0000000097200000, 0x0000000097300000, 0x0000000097300000|100%| E|CS|TAMS 0x0000000097200000, 0x0000000097200000| Complete 
|  99|0x0000000097300000, 0x0000000097400000, 0x0000000097400000|100%| E|CS|TAMS 0x0000000097300000, 0x0000000097300000| Complete 
| 100|0x0000000097400000, 0x0000000097500000, 0x0000000097500000|100%| E|CS|TAMS 0x0000000097400000, 0x0000000097400000| Complete 
| 101|0x0000000097500000, 0x0000000097600000, 0x0000000097600000|100%| E|CS|TAMS 0x0000000097500000, 0x0000000097500000| Complete 
| 102|0x0000000097600000, 0x0000000097700000, 0x0000000097700000|100%| E|CS|TAMS 0x0000000097600000, 0x0000000097600000| Complete 
| 103|0x0000000097700000, 0x0000000097800000, 0x0000000097800000|100%| E|CS|TAMS 0x0000000097700000, 0x0000000097700000| Complete 
| 104|0x0000000097800000, 0x0000000097900000, 0x0000000097900000|100%| E|CS|TAMS 0x0000000097800000, 0x0000000097800000| Complete 
| 105|0x0000000097900000, 0x0000000097a00000, 0x0000000097a00000|100%| E|CS|TAMS 0x0000000097900000, 0x0000000097900000| Complete 
| 106|0x0000000097a00000, 0x0000000097b00000, 0x0000000097b00000|100%| E|CS|TAMS 0x0000000097a00000, 0x0000000097a00000| Complete 
| 107|0x0000000097b00000, 0x0000000097c00000, 0x0000000097c00000|100%| E|CS|TAMS 0x0000000097b00000, 0x0000000097b00000| Complete 
| 108|0x0000000097c00000, 0x0000000097d00000, 0x0000000097d00000|100%| E|CS|TAMS 0x0000000097c00000, 0x0000000097c00000| Complete 
| 109|0x0000000097d00000, 0x0000000097e00000, 0x0000000097e00000|100%| E|CS|TAMS 0x0000000097d00000, 0x0000000097d00000| Complete 
| 110|0x0000000097e00000, 0x0000000097f00000, 0x0000000097f00000|100%| E|CS|TAMS 0x0000000097e00000, 0x0000000097e00000| Complete 
| 111|0x0000000097f00000, 0x0000000098000000, 0x0000000098000000|100%| E|CS|TAMS 0x0000000097f00000, 0x0000000097f00000| Complete 

Card table byte_map: [0x000001ba7bf60000,0x000001ba7c2e0000] _byte_map_base: 0x000001ba7bad8000

Marking Bits (Prev, Next): (CMBitMap*) 0x000001ba63a54aa0, (CMBitMap*) 0x000001ba63a54a68
 Prev Bits: [0x000001ba7e220000, 0x000001ba7fde0000)
 Next Bits: [0x000001ba7c660000, 0x000001ba7e220000)

Polling page: 0x000001ba6c140000

Metaspace:

Usage:
  Non-class:     21.09 MB capacity,    20.91 MB (>99%) used,   165.33 KB ( <1%) free+waste,    25.06 KB ( <1%) overhead. 
      Class:      2.43 MB capacity,     2.35 MB ( 97%) used,    69.70 KB (  3%) free+waste,     8.94 KB ( <1%) overhead. 
       Both:     23.52 MB capacity,    23.26 MB ( 99%) used,   235.02 KB ( <1%) free+waste,    34.00 KB ( <1%) overhead. 

Virtual space:
  Non-class space:       22.00 MB reserved,      21.25 MB ( 97%) committed 
      Class space:        1.00 GB reserved,       2.50 MB ( <1%) committed 
             Both:        1.02 GB reserved,      23.75 MB (  2%) committed 

Chunk freelists:
   Non-Class:  33.00 KB
       Class:  8.00 KB
        Both:  41.00 KB

MaxMetaspaceSize: 17179869184.00 GB
CompressedClassSpaceSize: 1.00 GB
Initial GC threshold: 20.80 MB
Current GC threshold: 34.79 MB
CDS: off

CodeHeap 'non-profiled nmethods': size=120000Kb used=1350Kb max_used=1350Kb free=118649Kb
 bounds [0x000001ba73c30000, 0x000001ba73ea0000, 0x000001ba7b160000]
CodeHeap 'profiled nmethods': size=120000Kb used=5596Kb max_used=5596Kb free=114403Kb
 bounds [0x000001ba6c700000, 0x000001ba6cc80000, 0x000001ba73c30000]
CodeHeap 'non-nmethods': size=5760Kb used=1207Kb max_used=1253Kb free=4552Kb
 bounds [0x000001ba6c160000, 0x000001ba6c3d0000, 0x000001ba6c700000]
 total_blobs=3251 nmethods=2782 adapters=381
 compilation: enabled
              stopped_count=0, restarted_count=0
 full_count=0

Compilation events (20 events):
Event: 14132.922 Thread 0x000001ba032cb800 nmethod 2777 0x000001ba6cc6aa10 code [0x000001ba6cc6abe0, 0x000001ba6cc6adc8]
Event: 14132.923 Thread 0x000001ba032cb800 2778       3       io.ktor.http.cio.HttpParserKt$parseRequest$1::invokeSuspend (22 bytes)
Event: 14132.924 Thread 0x000001ba032cb800 nmethod 2778 0x000001ba6cc6ae90 code [0x000001ba6cc6b040, 0x000001ba6cc6b1e8]
Event: 14132.933 Thread 0x000001ba032cb800 2779       3       io.ktor.http.cio.PipelineKt$startConnectionPipeline$1$1::<init> (35 bytes)
Event: 14132.934 Thread 0x000001ba032cb800 nmethod 2779 0x000001ba6cc6b290 code [0x000001ba6cc6b4a0, 0x000001ba6cc6bb48]
Event: 14132.936 Thread 0x000001ba032cb800 2780   !   3       kotlinx.coroutines.io.ByteBufferChannel::writePacket (179 bytes)
Event: 14132.937 Thread 0x000001ba032cb800 nmethod 2780 0x000001ba6cc6bd10 code [0x000001ba6cc6bf60, 0x000001ba6cc6c6a8]
Event: 14132.948 Thread 0x000001ba0296e000 2781       4       java.nio.ByteBuffer::hasArray (20 bytes)
Event: 14132.949 Thread 0x000001ba0296e000 nmethod 2781 0x000001ba73d81690 code [0x000001ba73d81820, 0x000001ba73d81898]
Event: 14133.272 Thread 0x000001ba0296e000 2782   !   4       kotlinx.coroutines.JobSupport::invokeOnCompletion (515 bytes)
Event: 14133.273 Thread 0x000001ba032cb800 2783       3       io.ktor.routing.Routing$Feature$install$1::invokeSuspend (115 bytes)
Event: 14133.276 Thread 0x000001ba032cb800 nmethod 2783 0x000001ba6cc6c990 code [0x000001ba6cc6cbe0, 0x000001ba6cc6d6d8]
Event: 14133.276 Thread 0x000001ba032cb800 2786       3       java.lang.ThreadLocal$ThreadLocalMap::getEntryAfterMiss (63 bytes)
Event: 14133.278 Thread 0x000001ba032cb800 nmethod 2786 0x000001ba6cc6d990 code [0x000001ba6cc6db80, 0x000001ba6cc6e0c8]
Event: 14133.278 Thread 0x000001ba032cb800 2784   !   3       io.ktor.routing.Routing::executeResult (683 bytes)
Event: 14133.287 Thread 0x000001ba032cb800 nmethod 2784 0x000001ba6cc6e290 code [0x000001ba6cc6e800, 0x000001ba6cc71fb8]
Event: 14133.287 Thread 0x000001ba032cb800 2787       3       io.ktor.server.engine.BaseApplicationResponse$Companion$setupSendPipeline$1::invokeSuspend (256 bytes)
Event: 14133.290 Thread 0x000001ba032cb800 nmethod 2787 0x000001ba6cc73490 code [0x000001ba6cc738a0, 0x000001ba6cc75ac8]
Event: 14133.290 Thread 0x000001ba032cb800 2788       3       io.ktor.server.engine.BaseApplicationResponse$respondFromChannel$$inlined$use$lambda$1::invokeSuspend (117 bytes)
Event: 14133.291 Thread 0x000001ba032cb800 nmethod 2788 0x000001ba6cc76310 code [0x000001ba6cc76540, 0x000001ba6cc76f78]

GC Heap History (6 events):
Event: 0.868 GC heap before
{Heap before GC invocations=0 (full 0):
 garbage-first heap   total 114688K, used 25600K [0x0000000091000000, 0x0000000100000000)
  region size 1024K, 24 young (24576K), 0 survivors (0K)
 Metaspace       used 16254K, capacity 16473K, committed 16640K, reserved 1064960K
  class space    used 1680K, capacity 1740K, committed 1792K, reserved 1048576K
}
Event: 0.875 GC heap after
{Heap after GC invocations=1 (full 0):
 garbage-first heap   total 114688K, used 3876K [0x0000000091000000, 0x0000000100000000)
  region size 1024K, 3 young (3072K), 3 survivors (3072K)
 Metaspace       used 16254K, capacity 16473K, committed 16640K, reserved 1064960K
  class space    used 1680K, capacity 1740K, committed 1792K, reserved 1048576K
}
Event: 39.198 GC heap before
{Heap before GC invocations=1 (full 0):
 garbage-first heap   total 114688K, used 19236K [0x0000000091000000, 0x0000000100000000)
  region size 1024K, 19 young (19456K), 3 survivors (3072K)
 Metaspace       used 20969K, capacity 21207K, committed 21248K, reserved 1069056K
  class space    used 2239K, capacity 2296K, committed 2304K, reserved 1048576K
}
Event: 39.204 GC heap after
{Heap after GC invocations=2 (full 0):
 garbage-first heap   total 114688K, used 4872K [0x0000000091000000, 0x0000000100000000)
  region size 1024K, 4 young (4096K), 4 survivors (4096K)
 Metaspace       used 20969K, capacity 21207K, committed 21248K, reserved 1069056K
  class space    used 2239K, capacity 2296K, committed 2304K, reserved 1048576K
}
Event: 11455.675 GC heap before
{Heap before GC invocations=3 (full 0):
 garbage-first heap   total 114688K, used 58120K [0x0000000091000000, 0x0000000100000000)
  region size 1024K, 57 young (58368K), 4 survivors (4096K)
 Metaspace       used 23481K, capacity 23767K, committed 24064K, reserved 1071104K
  class space    used 2409K, capacity 2488K, committed 2560K, reserved 1048576K
}
Event: 11455.883 GC heap after
{Heap after GC invocations=4 (full 0):
 garbage-first heap   total 114688K, used 6469K [0x0000000091000000, 0x0000000100000000)
  region size 1024K, 6 young (6144K), 6 survivors (6144K)
 Metaspace       used 23481K, capacity 23767K, committed 24064K, reserved 1071104K
  class space    used 2409K, capacity 2488K, committed 2560K, reserved 1048576K
}

Deoptimization events (20 events):
Event: 12106.648 Thread 0x000001ba04e07800 Uncommon trap: trap_request=0xffffff4d fr.pc=0x000001ba73cc2104 relative=0x0000000000000b44
Event: 12106.648 Thread 0x000001ba04e07800 Uncommon trap: reason=unstable_if action=reinterpret pc=0x000001ba73cc2104 method=kotlinx.coroutines.scheduling.CoroutineScheduler$Worker.run()V @ 19 c2
Event: 12106.648 Thread 0x000001ba04e07800 DEOPT PACKING pc=0x000001ba73cc2104 sp=0x0000009331dff430
Event: 12106.648 Thread 0x000001ba04e07800 DEOPT UNPACKING pc=0x000001ba6c1aa1af sp=0x0000009331dff410 mode 2
Event: 12224.167 Thread 0x000001ba04e13000 Uncommon trap: trap_request=0xffffff4d fr.pc=0x000001ba73d11ac8 relative=0x0000000000002068
Event: 12224.167 Thread 0x000001ba04e13000 Uncommon trap: reason=unstable_if action=reinterpret pc=0x000001ba73d11ac8 method=kotlinx.coroutines.io.ByteBufferChannel.flushImpl(II)V @ 58 c2
Event: 12224.167 Thread 0x000001ba04e13000 DEOPT PACKING pc=0x000001ba73d11ac8 sp=0x0000009330ffebb0
Event: 12224.167 Thread 0x000001ba04e13000 DEOPT UNPACKING pc=0x000001ba6c1aa1af sp=0x0000009330ffeba8 mode 2
Event: 13157.937 Thread 0x000001ba04e07800 Uncommon trap: trap_request=0xffffffde fr.pc=0x000001ba73cc00ec relative=0x0000000000000dcc
Event: 13157.937 Thread 0x000001ba04e07800 Uncommon trap: reason=class_check action=maybe_recompile pc=0x000001ba73cc00ec method=kotlinx.coroutines.scheduling.WorkQueue.poll()Lkotlinx/coroutines/scheduling/Task; @ 61 c2
Event: 13157.937 Thread 0x000001ba04e07800 DEOPT PACKING pc=0x000001ba73cc00ec sp=0x00000093308ff020
Event: 13157.937 Thread 0x000001ba04e07800 DEOPT UNPACKING pc=0x000001ba6c1aa1af sp=0x00000093308feef0 mode 2
Event: 13539.895 Thread 0x000001ba03b44000 Uncommon trap: trap_request=0xffffff4d fr.pc=0x000001ba73cc4d74 relative=0x0000000000000394
Event: 13539.895 Thread 0x000001ba03b44000 Uncommon trap: reason=unstable_if action=reinterpret pc=0x000001ba73cc4d74 method=kotlinx.coroutines.scheduling.CoroutineScheduler$Worker.run()V @ 19 c2
Event: 13539.895 Thread 0x000001ba03b44000 DEOPT PACKING pc=0x000001ba73cc4d74 sp=0x00000093305ff4b0
Event: 13539.895 Thread 0x000001ba03b44000 DEOPT UNPACKING pc=0x000001ba6c1aa1af sp=0x00000093305ff470 mode 2
Event: 13598.024 Thread 0x000001ba04e16800 Uncommon trap: trap_request=0xffffffde fr.pc=0x000001ba73cc00ec relative=0x0000000000000dcc
Event: 13598.024 Thread 0x000001ba04e16800 Uncommon trap: reason=class_check action=maybe_recompile pc=0x000001ba73cc00ec method=kotlinx.coroutines.scheduling.WorkQueue.poll()Lkotlinx/coroutines/scheduling/Task; @ 61 c2
Event: 13598.024 Thread 0x000001ba04e16800 DEOPT PACKING pc=0x000001ba73cc00ec sp=0x0000009330aff470
Event: 13598.024 Thread 0x000001ba04e16800 DEOPT UNPACKING pc=0x000001ba6c1aa1af sp=0x0000009330aff340 mode 2

Classes redefined (0 events):
No events

Internal exceptions (20 events):
Event: 12611.935 Thread 0x000001ba03c17000 Exception <a 'java/io/IOException'{0x0000000096bc5b18}> (0x0000000096bc5b18) thrown at [./src/hotspot/share/prims/jni.cpp, line 615]
Event: 12611.946 Thread 0x000001ba03c17000 Exception <a 'java/io/IOException'{0x0000000096bcde48}> (0x0000000096bcde48) thrown at [./src/hotspot/share/prims/jni.cpp, line 615]
Event: 12611.955 Thread 0x000001ba03c17000 Exception <a 'java/io/IOException'{0x0000000096bd5b78}> (0x0000000096bd5b78) thrown at [./src/hotspot/share/prims/jni.cpp, line 615]
Event: 13157.920 Thread 0x000001ba03c1c800 Exception <a 'java/io/IOException'{0x0000000096ae8940}> (0x0000000096ae8940) thrown at [./src/hotspot/share/prims/jni.cpp, line 615]
Event: 13157.939 Thread 0x000001ba03c1c800 Exception <a 'java/io/IOException'{0x0000000096af0e48}> (0x0000000096af0e48) thrown at [./src/hotspot/share/prims/jni.cpp, line 615]
Event: 13157.952 Thread 0x000001ba03c1c800 Exception <a 'java/io/IOException'{0x00000000967671e8}> (0x00000000967671e8) thrown at [./src/hotspot/share/prims/jni.cpp, line 615]
Event: 13157.963 Thread 0x000001ba03c1c800 Exception <a 'java/io/IOException'{0x000000009676f528}> (0x000000009676f528) thrown at [./src/hotspot/share/prims/jni.cpp, line 615]
Event: 13426.772 Thread 0x000001ba04e07800 Exception <a 'java/io/IOException'{0x00000000967436e0}> (0x00000000967436e0) thrown at [./src/hotspot/share/prims/jni.cpp, line 615]
Event: 13426.783 Thread 0x000001ba04e08800 Exception <a 'java/io/IOException'{0x00000000966ff838}> (0x00000000966ff838) thrown at [./src/hotspot/share/prims/jni.cpp, line 615]
Event: 13426.801 Thread 0x000001ba04e08800 Exception <a 'java/io/IOException'{0x0000000096407a88}> (0x0000000096407a88) thrown at [./src/hotspot/share/prims/jni.cpp, line 615]
Event: 13426.814 Thread 0x000001ba04e08800 Exception <a 'java/io/IOException'{0x000000009640fda8}> (0x000000009640fda8) thrown at [./src/hotspot/share/prims/jni.cpp, line 615]
Event: 13534.817 Thread 0x000001ba03c17800 Exception <a 'java/io/IOException'{0x00000000965e6ae8}> (0x00000000965e6ae8) thrown at [./src/hotspot/share/prims/jni.cpp, line 615]
Event: 13534.835 Thread 0x000001ba04e14000 Exception <a 'java/io/IOException'{0x00000000966c7d68}> (0x00000000966c7d68) thrown at [./src/hotspot/share/prims/jni.cpp, line 615]
Event: 13534.861 Thread 0x000001ba04e14000 Exception <a 'java/io/IOException'{0x00000000966d0078}> (0x00000000966d0078) thrown at [./src/hotspot/share/prims/jni.cpp, line 615]
Event: 13534.871 Thread 0x000001ba04e14000 Exception <a 'java/io/IOException'{0x00000000966d8398}> (0x00000000966d8398) thrown at [./src/hotspot/share/prims/jni.cpp, line 615]
Event: 13598.000 Thread 0x000001ba03c1d800 Exception <a 'java/io/IOException'{0x0000000095f514b8}> (0x0000000095f514b8) thrown at [./src/hotspot/share/prims/jni.cpp, line 615]
Event: 13598.016 Thread 0x000001ba03c1d800 Exception <a 'java/io/IOException'{0x0000000095f59978}> (0x0000000095f59978) thrown at [./src/hotspot/share/prims/jni.cpp, line 615]
Event: 13598.033 Thread 0x000001ba03c1d800 Exception <a 'java/io/IOException'{0x0000000095f61ca8}> (0x0000000095f61ca8) thrown at [./src/hotspot/share/prims/jni.cpp, line 615]
Event: 13598.049 Thread 0x000001ba03c1d800 Exception <a 'java/io/IOException'{0x0000000095f69fd8}> (0x0000000095f69fd8) thrown at [./src/hotspot/share/prims/jni.cpp, line 615]
Event: 13598.064 Thread 0x000001ba03c1d800 Exception <a 'java/io/IOException'{0x0000000095f71d28}> (0x0000000095f71d28) thrown at [./src/hotspot/share/prims/jni.cpp, line 615]

Events (20 events):
Event: 14132.972 Executing VM operation: RevokeBias
Event: 14132.972 Executing VM operation: RevokeBias done
Event: 14132.973 Executing VM operation: RevokeBias
Event: 14132.973 Executing VM operation: RevokeBias done
Event: 14133.274 Executing VM operation: RevokeBias
Event: 14133.274 Executing VM operation: RevokeBias done
Event: 14133.274 Executing VM operation: RevokeBias
Event: 14133.274 Executing VM operation: RevokeBias done
Event: 14133.274 Executing VM operation: RevokeBias
Event: 14133.274 Executing VM operation: RevokeBias done
Event: 14133.275 Executing VM operation: RevokeBias
Event: 14133.275 Executing VM operation: RevokeBias done
Event: 14133.276 Executing VM operation: RevokeBias
Event: 14133.277 Executing VM operation: RevokeBias done
Event: 14133.278 Executing VM operation: RevokeBias
Event: 14133.278 Executing VM operation: RevokeBias done
Event: 14133.279 Executing VM operation: RevokeBias
Event: 14133.279 Executing VM operation: RevokeBias done
Event: 14133.284 Executing VM operation: RevokeBias
Event: 14133.284 Executing VM operation: RevokeBias done


Dynamic libraries:
0x00007ff7e7d30000 - 0x00007ff7e7d3d000 	C:\Program Files\Eclipse Foundation\jdk-11.0.12.7-hotspot\bin\java.exe
0x00007ff9b9950000 - 0x00007ff9b9b45000 	C:\WINDOWS\SYSTEM32\ntdll.dll
0x00007ff9b8870000 - 0x00007ff9b892d000 	C:\WINDOWS\System32\KERNEL32.DLL
0x00007ff9b71b0000 - 0x00007ff9b7479000 	C:\WINDOWS\System32\KERNELBASE.dll
0x00007ff9b7830000 - 0x00007ff9b7930000 	C:\WINDOWS\System32\ucrtbase.dll
0x00007ff9a9f80000 - 0x00007ff9a9f97000 	C:\Program Files\Eclipse Foundation\jdk-11.0.12.7-hotspot\bin\jli.dll
0x00007ff9a9f60000 - 0x00007ff9a9f75000 	C:\Program Files\Eclipse Foundation\jdk-11.0.12.7-hotspot\bin\VCRUNTIME140.dll
0x00007ff9b9390000 - 0x00007ff9b9530000 	C:\WINDOWS\System32\USER32.dll
0x00007ff9b7980000 - 0x00007ff9b79a2000 	C:\WINDOWS\System32\win32u.dll
0x00007ff9b5d70000 - 0x00007ff9b600a000 	C:\WINDOWS\WinSxS\amd64_microsoft.windows.common-controls_6595b64144ccf1df_6.0.19041.1110_none_60b5254171f9507e\COMCTL32.dll
0x00007ff9b8b10000 - 0x00007ff9b8b3a000 	C:\WINDOWS\System32\GDI32.dll
0x00007ff9b95a0000 - 0x00007ff9b963e000 	C:\WINDOWS\System32\msvcrt.dll
0x00007ff9b75c0000 - 0x00007ff9b76cb000 	C:\WINDOWS\System32\gdi32full.dll
0x00007ff9b7110000 - 0x00007ff9b71ad000 	C:\WINDOWS\System32\msvcp_win.dll
0x00007ff9b8940000 - 0x00007ff9b8970000 	C:\WINDOWS\System32\IMM32.DLL
0x00007ff991670000 - 0x00007ff99170b000 	C:\Program Files\Eclipse Foundation\jdk-11.0.12.7-hotspot\bin\msvcp140.dll
0x00007ff977010000 - 0x00007ff977b69000 	C:\Program Files\Eclipse Foundation\jdk-11.0.12.7-hotspot\bin\server\jvm.dll
0x00007ff9b92e0000 - 0x00007ff9b938c000 	C:\WINDOWS\System32\ADVAPI32.dll
0x00007ff9b9870000 - 0x00007ff9b990b000 	C:\WINDOWS\System32\sechost.dll
0x00007ff9b8740000 - 0x00007ff9b886a000 	C:\WINDOWS\System32\RPCRT4.dll
0x00007ff9b7c80000 - 0x00007ff9b7c88000 	C:\WINDOWS\System32\PSAPI.DLL
0x00007ff9b55b0000 - 0x00007ff9b55d7000 	C:\WINDOWS\SYSTEM32\WINMM.dll
0x00007ff99f540000 - 0x00007ff99f549000 	C:\WINDOWS\SYSTEM32\WSOCK32.dll
0x00007ff9a97b0000 - 0x00007ff9a97ba000 	C:\WINDOWS\SYSTEM32\VERSION.dll
0x00007ff9b9530000 - 0x00007ff9b959b000 	C:\WINDOWS\System32\WS2_32.dll
0x00007ff9b4f00000 - 0x00007ff9b4f12000 	C:\WINDOWS\SYSTEM32\kernel.appcore.dll
0x00007ff9b1910000 - 0x00007ff9b1920000 	C:\Program Files\Eclipse Foundation\jdk-11.0.12.7-hotspot\bin\verify.dll
0x00007ff9b4950000 - 0x00007ff9b4b34000 	C:\WINDOWS\SYSTEM32\DBGHELP.DLL
0x00007ff9ae7d0000 - 0x00007ff9ae7fc000 	C:\WINDOWS\SYSTEM32\dbgcore.DLL
0x00007ff9b7080000 - 0x00007ff9b7103000 	C:\WINDOWS\System32\bcryptPrimitives.dll
0x00007ff9a4740000 - 0x00007ff9a4768000 	C:\Program Files\Eclipse Foundation\jdk-11.0.12.7-hotspot\bin\java.dll
0x00007ff9ac020000 - 0x00007ff9ac02a000 	C:\Program Files\Eclipse Foundation\jdk-11.0.12.7-hotspot\bin\jimage.dll
0x00007ff9a4720000 - 0x00007ff9a4737000 	C:\Program Files\Eclipse Foundation\jdk-11.0.12.7-hotspot\bin\zip.dll
0x00007ff9b8b40000 - 0x00007ff9b927f000 	C:\WINDOWS\System32\SHELL32.dll
0x00007ff9b55e0000 - 0x00007ff9b5d70000 	C:\WINDOWS\SYSTEM32\windows.storage.dll
0x00007ff9b7c90000 - 0x00007ff9b7fe5000 	C:\WINDOWS\System32\combase.dll
0x00007ff9b6a10000 - 0x00007ff9b6a3c000 	C:\WINDOWS\SYSTEM32\Wldp.dll
0x00007ff9b8a60000 - 0x00007ff9b8b0e000 	C:\WINDOWS\System32\SHCORE.dll
0x00007ff9b9280000 - 0x00007ff9b92d5000 	C:\WINDOWS\System32\shlwapi.dll
0x00007ff9b6fc0000 - 0x00007ff9b6fdf000 	C:\WINDOWS\SYSTEM32\profapi.dll
0x00007ff9a4700000 - 0x00007ff9a4719000 	C:\Program Files\Eclipse Foundation\jdk-11.0.12.7-hotspot\bin\net.dll
0x00007ff9ad1f0000 - 0x00007ff9ad2f8000 	C:\WINDOWS\SYSTEM32\WINHTTP.dll
0x00007ff9b6770000 - 0x00007ff9b67da000 	C:\WINDOWS\system32\mswsock.dll
0x00007ff9a1710000 - 0x00007ff9a1722000 	C:\Program Files\Eclipse Foundation\jdk-11.0.12.7-hotspot\bin\nio.dll
0x00007ff9b6960000 - 0x00007ff9b6978000 	C:\WINDOWS\SYSTEM32\CRYPTSP.dll
0x0000000051200000 - 0x0000000051219000 	C:\Program Files\Common Files\Crypto Pro\AppCompat\cpadvai.dll
0x00007ff9b60f0000 - 0x00007ff9b6124000 	C:\WINDOWS\system32\rsaenh.dll
0x00007ff9b7530000 - 0x00007ff9b7557000 	C:\WINDOWS\System32\bcrypt.dll
0x00007ff9b6f80000 - 0x00007ff9b6fae000 	C:\WINDOWS\SYSTEM32\USERENV.dll
0x00007ff9b6980000 - 0x00007ff9b698c000 	C:\WINDOWS\SYSTEM32\CRYPTBASE.dll
0x00007ff9b6460000 - 0x00007ff9b649b000 	C:\WINDOWS\SYSTEM32\IPHLPAPI.DLL
0x00007ff9b8930000 - 0x00007ff9b8938000 	C:\WINDOWS\System32\NSI.dll
0x00007ff9af070000 - 0x00007ff9af087000 	C:\WINDOWS\SYSTEM32\dhcpcsvc6.DLL
0x00007ff9af210000 - 0x00007ff9af22d000 	C:\WINDOWS\SYSTEM32\dhcpcsvc.DLL
0x00007ff9b64a0000 - 0x00007ff9b656c000 	C:\WINDOWS\SYSTEM32\DNSAPI.dll

dbghelp: loaded successfully - version: 4.0.5 - missing functions: none
symbol engine: initialized successfully - sym options: 0x614 - pdb path: .;C:\Program Files\Eclipse Foundation\jdk-11.0.12.7-hotspot\bin;C:\WINDOWS\SYSTEM32;C:\WINDOWS\WinSxS\amd64_microsoft.windows.common-controls_6595b64144ccf1df_6.0.19041.1110_none_60b5254171f9507e;C:\Program Files\Eclipse Foundation\jdk-11.0.12.7-hotspot\bin\server;C:\Program Files\Common Files\Crypto Pro\AppCompat

VM Arguments:
java_command: ./artifacts/app-order.jar
java_class_path (initial): ./artifacts/app-order.jar
Launcher Type: SUN_STANDARD

[Global flags]
     intx CICompilerCount                          = 4                                         {product} {ergonomic}
     uint ConcGCThreads                            = 2                                         {product} {ergonomic}
     uint G1ConcRefinementThreads                  = 8                                         {product} {ergonomic}
   size_t G1HeapRegionSize                         = 1048576                                   {product} {ergonomic}
    uintx GCDrainStackTargetSize                   = 64                                        {product} {ergonomic}
   size_t InitialHeapSize                          = 117440512                                 {product} {ergonomic}
   size_t MarkStackSize                            = 4194304                                   {product} {ergonomic}
   size_t MaxHeapSize                              = 1862270976                                {product} {ergonomic}
   size_t MaxNewSize                               = 1116733440                                {product} {ergonomic}
   size_t MinHeapDeltaBytes                        = 1048576                                   {product} {ergonomic}
    uintx NonNMethodCodeHeapSize                   = 5836300                                {pd product} {ergonomic}
    uintx NonProfiledCodeHeapSize                  = 122910970                              {pd product} {ergonomic}
    uintx ProfiledCodeHeapSize                     = 122910970                              {pd product} {ergonomic}
    uintx ReservedCodeCacheSize                    = 251658240                              {pd product} {ergonomic}
     bool SegmentedCodeCache                       = true                                      {product} {ergonomic}
     bool UseCompressedClassPointers               = true                                 {lp64_product} {ergonomic}
     bool UseCompressedOops                        = true                                 {lp64_product} {ergonomic}
     bool UseG1GC                                  = true                                      {product} {ergonomic}
     bool UseLargePagesIndividualAllocation        = false                                  {pd product} {ergonomic}

Logging:
Log output configuration:
 #0: stdout all=warning uptime,level,tags
 #1: stderr all=off uptime,level,tags

Environment Variables:
PATH=C:\Program Files\Eclipse Foundation\jdk-11.0.12.7-hotspot\bin;C:\Python38\Scripts\;C:\Python38\;C:\WINDOWS\system32;C:\WINDOWS;C:\WINDOWS\System32\Wbem;C:\WINDOWS\System32\WindowsPowerShell\v1.0\;C:\WINDOWS\System32\OpenSSH\;C:\Program Files\nodejs\;C:\ProgramData\chocolatey\bin;C:\Program Files\Git\cmd;C:\Program Files\PuTTY\;C:\Users\dns\AppData\Local\Microsoft\WindowsApps;C:\Users\dns\AppData\Roaming\npm;C:\Users\dns\AppData\Local\Programs\Microsoft VS Code\bin;
USERNAME=dns
OS=Windows_NT
PROCESSOR_IDENTIFIER=AMD64 Family 23 Model 24 Stepping 1, AuthenticAMD



---------------  S Y S T E M  ---------------

OS: Windows 10 , 64 bit Build 19041 (10.0.19041.1151)
OS uptime: 4 days 20:36 hours

CPU:total 8 (initial active 8) (8 cores per cpu, 2 threads per core) family 23 model 24 stepping 1 microcode 0x0, cmov, cx8, fxsr, mmx, sse, sse2, sse3, ssse3, sse4.1, sse4.2, popcnt, avx, avx2, aes, clmul, mmxext, 3dnowpref, lzcnt, sse4a, ht, tsc, tscinvbit, tscinv, bmi1, bmi2, adx, sha, fma

Memory: 4k page, system-wide physical 7103M (353M free)
TotalPageFile size 17343M (AvailPageFile size 3M)
current process WorkingSet (physical memory assigned to process): 56M, peak: 100M
current process commit charge ("private bytes"): 239M, peak: 245M

vm_info: OpenJDK 64-Bit Server VM (11.0.12+7) for windows-amd64 JRE (11.0.12+7), built on Jul 21 2021 16:23:49 by "" with unknown MS VC++:1916

END.
